c:\users\akilf\source\repos\compgraphproject\compgraphproject\x64\debug\texture.h.ifc
c:\users\akilf\source\repos\compgraphproject\compgraphproject\x64\debug\texture.h.ifc.d.json
c:\users\akilf\source\repos\compgraphproject\compgraphproject\x64\debug\texture.h.obj
c:\users\akilf\source\repos\compgraphproject\compgraphproject\x64\debug\vc143.pdb
c:\users\akilf\source\repos\compgraphproject\compgraphproject\x64\debug\vc143.idb
c:\users\akilf\source\repos\compgraphproject\compgraphproject\x64\debug\main.obj
c:\users\akilf\source\repos\compgraphproject\x64\debug\compgraphproject.exe
c:\users\akilf\source\repos\compgraphproject\compgraphproject\x64\debug\compgraphproject.ilk
c:\users\akilf\source\repos\compgraphproject\x64\debug\compgraphproject.pdb
c:\users\akilf\source\repos\compgraphproject\compgraphproject\x64\debug\texture.h.module.json
c:\users\akilf\source\repos\compgraphproject\compgraphproject\x64\debug\texture.obj
c:\users\akilf\source\repos\compgraphproject\compgraphproject\x64\debug\compgraphproject.tlog\cl.command.1.tlog
c:\users\akilf\source\repos\compgraphproject\compgraphproject\x64\debug\compgraphproject.tlog\cl.items.tlog
c:\users\akilf\source\repos\compgraphproject\compgraphproject\x64\debug\compgraphproject.tlog\cl.read.1.tlog
c:\users\akilf\source\repos\compgraphproject\compgraphproject\x64\debug\compgraphproject.tlog\cl.write.1.tlog
c:\users\akilf\source\repos\compgraphproject\compgraphproject\x64\debug\compgraphproject.tlog\link.command.1.tlog
c:\users\akilf\source\repos\compgraphproject\compgraphproject\x64\debug\compgraphproject.tlog\link.read.1.tlog
c:\users\akilf\source\repos\compgraphproject\compgraphproject\x64\debug\compgraphproject.tlog\link.write.1.tlog
c:\users\akilf\source\repos\compgraphproject\compgraphproject\x64\debug\compgraphproject_md.tlog\cl.command.1.tlog
c:\users\akilf\source\repos\compgraphproject\compgraphproject\x64\debug\compgraphproject_md.tlog\microsoft.build.cpptasks.cl.read.1.tlog
c:\users\akilf\source\repos\compgraphproject\compgraphproject\x64\debug\compgraphproject_md.tlog\microsoft.build.cpptasks.cl.write.1.tlog
